<?xml version="1.0" encoding="UTF-8"?>
<!-- Generated by org.testng.reporters.JUnitReportReporter -->
<testsuite hostname="HiteshJHPJLenovoPP" failures="0" tests="6" name="parameters.ParameterByMethodInDataprovider" time="18.754" errors="0" timestamp="12 Sep 2018 09:18:08 GMT" skipped="0">
  <testcase classname="parameters.ParameterByMethodInDataprovider" name="testMethodB" time="3.122"/>
  <testcase classname="parameters.ParameterByMethodInDataprovider" name="testMethodA" time="3.074"/>
  <testcase classname="parameters.ParameterByMethodInDataprovider" name="testMethodA" time="3.107"/>
  <testcase classname="parameters.ParameterByMethodInDataprovider" name="testMethodB" time="3.119"/>
  <testcase classname="parameters.ParameterByMethodInDataprovider" name="testMethodB" time="3.141"/>
  <testcase classname="parameters.ParameterByMethodInDataprovider" name="testMethodA" time="3.191"/>
</testsuite> <!-- parameters.ParameterByMethodInDataprovider -->
