<?xml version="1.0" encoding="UTF-8"?>
<!-- Generated by org.testng.reporters.JUnitReportReporter -->
<testsuite hostname="HiteshJHPJLenovoPP" failures="0" tests="1" name="parameters.NoParameterWithTestNGXML" time="15.174" errors="0" timestamp="12 Sep 2018 06:12:00 GMT" skipped="0">
  <testcase classname="parameters.NoParameterWithTestNGXML" name="testNoParameter" time="15.174"/>
</testsuite> <!-- parameters.NoParameterWithTestNGXML -->
