<?xml version="1.0" encoding="UTF-8"?>
<!-- Generated by org.testng.reporters.JUnitReportReporter -->
<testsuite hostname="HiteshJHPJLenovoPP" failures="0" tests="1" name="parameters.ParameterWithTestNGXML" time="11.114" errors="0" timestamp="12 Sep 2018 07:01:34 GMT" skipped="0">
  <testcase classname="parameters.ParameterWithTestNGXML" name="testParameterWithXML" time="11.114"/>
</testsuite> <!-- parameters.ParameterWithTestNGXML -->
